[2021-05-02 10:54:23] production.ERROR: Call to a member function send() on null {"exception":"[object] (Error(code: 0): Call to a member function send() on null at C:\\xampp_7.4.2\\htdocs\\sithimy\\Modules\\Sms\\Sms.php:17)
[stacktrace]
#0 C:\\xampp_7.4.2\\htdocs\\sithimy\\Modules\\User\\Listeners\\SendWelcomeSms.php(27): Modules\\Sms\\Sms::send('+840975356819', 'Welcome shahin,...')
#1 C:\\xampp_7.4.2\\htdocs\\sithimy\\vendor\\laravel\\framework\\src\\Illuminate\\Events\\Dispatcher.php(412): Modules\\User\\Listeners\\SendWelcomeSms->handle(Object(Modules\\User\\Events\\CustomerRegistered))
#2 C:\\xampp_7.4.2\\htdocs\\sithimy\\vendor\\laravel\\framework\\src\\Illuminate\\Events\\Dispatcher.php(237): Illuminate\\Events\\Dispatcher->Illuminate\\Events\\{closure}('Modules\\\\User\\\\Ev...', Array)
#3 C:\\xampp_7.4.2\\htdocs\\sithimy\\vendor\\laravel\\framework\\src\\Illuminate\\Foundation\\helpers.php(450): Illuminate\\Events\\Dispatcher->dispatch('Modules\\\\User\\\\Ev...')
#4 C:\\xampp_7.4.2\\htdocs\\sithimy\\Modules\\User\\Http\\Controllers\\BaseAuthController.php(131): event(Object(Modules\\User\\Events\\CustomerRegistered))
#5 C:\\xampp_7.4.2\\htdocs\\sithimy\\vendor\\laravel\\framework\\src\\Illuminate\\Routing\\Controller.php(54): Modules\\User\\Http\\Controllers\\BaseAuthController->postRegister(Object(Modules\\User\\Http\\Requests\\RegisterRequest))
#6 C:\\xampp_7.4.2\\htdocs\\sithimy\\vendor\\laravel\\framework\\src\\Illuminate\\Routing\\ControllerDispatcher.php(45): Illuminate\\Routing\\Controller->callAction('postRegister', Array)
#7 C:\\xampp_7.4.2\\htdocs\\sithimy\\vendor\\laravel\\framework\\src\\Illuminate\\Routing\\Route.php(254): Illuminate\\Routing\\ControllerDispatcher->dispatch(Object(Illuminate\\Routing\\Route), Object(Modules\\User\\Http\\Controllers\\AuthController), 'postRegister')
#8 C:\\xampp_7.4.2\\htdocs\\sithimy\\vendor\\laravel\\framework\\src\\Illuminate\\Routing\\Route.php(197): Illuminate\\Routing\\Route->runController()
#9 C:\\xampp_7.4.2\\htdocs\\sithimy\\vendor\\laravel\\framework\\src\\Illuminate\\Routing\\Router.php(695): Illuminate\\Routing\\Route->run()
#10 C:\\xampp_7.4.2\\htdocs\\sithimy\\vendor\\laravel\\framework\\src\\Illuminate\\Pipeline\\Pipeline.php(128): Illuminate\\Routing\\Router->Illuminate\\Routing\\{closure}(Object(Illuminate\\Http\\Request))
#11 C:\\xampp_7.4.2\\htdocs\\sithimy\\Modules\\Core\\Http\\Middleware\\GuestMiddleware.php(25): Illuminate\\Pipeline\\Pipeline->Illuminate\\Pipeline\\{closure}(Object(Illuminate\\Http\\Request))
#12 C:\\xampp_7.4.2\\htdocs\\sithimy\\vendor\\laravel\\framework\\src\\Illuminate\\Pipeline\\Pipeline.php(167): Modules\\Core\\Http\\Middleware\\GuestMiddleware->handle(Object(Illuminate\\Http\\Request), Object(Closure))
#13 C:\\xampp_7.4.2\\htdocs\\sithimy\\vendor\\laravel\\framework\\src\\Illuminate\\Routing\\Middleware\\SubstituteBindings.php(50): Illuminate\\Pipeline\\Pipeline->Illuminate\\Pipeline\\{closure}(Object(Illuminate\\Http\\Request))
#14 C:\\xampp_7.4.2\\htdocs\\sithimy\\vendor\\laravel\\framework\\src\\Illuminate\\Pipeline\\Pipeline.php(167): Illuminate\\Routing\\Middleware\\SubstituteBindings->handle(Object(Illuminate\\Http\\Request), Object(Closure))
#15 C:\\xampp_7.4.2\\htdocs\\sithimy\\vendor\\laravel\\framework\\src\\Illuminate\\Foundation\\Http\\Middleware\\VerifyCsrfToken.php(78): Illuminate\\Pipeline\\Pipeline->Illuminate\\Pipeline\\{closure}(Object(Illuminate\\Http\\Request))
#16 C:\\xampp_7.4.2\\htdocs\\sithimy\\vendor\\laravel\\framework\\src\\Illuminate\\Pipeline\\Pipeline.php(167): Illuminate\\Foundation\\Http\\Middleware\\VerifyCsrfToken->handle(Object(Illuminate\\Http\\Request), Object(Closure))
#17 C:\\xampp_7.4.2\\htdocs\\sithimy\\vendor\\laravel\\framework\\src\\Illuminate\\View\\Middleware\\ShareErrorsFromSession.php(49): Illuminate\\Pipeline\\Pipeline->Illuminate\\Pipeline\\{closure}(Object(Illuminate\\Http\\Request))
#18 C:\\xampp_7.4.2\\htdocs\\sithimy\\vendor\\laravel\\framework\\src\\Illuminate\\Pipeline\\Pipeline.php(167): Illuminate\\View\\Middleware\\ShareErrorsFromSession->handle(Object(Illuminate\\Http\\Request), Object(Closure))
#19 C:\\xampp_7.4.2\\htdocs\\sithimy\\vendor\\laravel\\framework\\src\\Illuminate\\Cookie\\Middleware\\AddQueuedCookiesToResponse.php(37): Illuminate\\Pipeline\\Pipeline->Illuminate\\Pipeline\\{closure}(Object(Illuminate\\Http\\Request))
#20 C:\\xampp_7.4.2\\htdocs\\sithimy\\vendor\\laravel\\framework\\src\\Illuminate\\Pipeline\\Pipeline.php(167): Illuminate\\Cookie\\Middleware\\AddQueuedCookiesToResponse->handle(Object(Illuminate\\Http\\Request), Object(Closure))
#21 C:\\xampp_7.4.2\\htdocs\\sithimy\\vendor\\mcamara\\laravel-localization\\src\\Mcamara\\LaravelLocalization\\Middleware\\LaravelLocalizationRedirectFilter.php(45): Illuminate\\Pipeline\\Pipeline->Illuminate\\Pipeline\\{closure}(Object(Illuminate\\Http\\Request))
#22 C:\\xampp_7.4.2\\htdocs\\sithimy\\vendor\\laravel\\framework\\src\\Illuminate\\Pipeline\\Pipeline.php(167): Mcamara\\LaravelLocalization\\Middleware\\LaravelLocalizationRedirectFilter->handle(Object(Illuminate\\Http\\Request), Object(Closure))
#23 C:\\xampp_7.4.2\\htdocs\\sithimy\\vendor\\mcamara\\laravel-localization\\src\\Mcamara\\LaravelLocalization\\Middleware\\LocaleSessionRedirect.php(64): Illuminate\\Pipeline\\Pipeline->Illuminate\\Pipeline\\{closure}(Object(Illuminate\\Http\\Request))
#24 C:\\xampp_7.4.2\\htdocs\\sithimy\\vendor\\laravel\\framework\\src\\Illuminate\\Pipeline\\Pipeline.php(167): Mcamara\\LaravelLocalization\\Middleware\\LocaleSessionRedirect->handle(Object(Illuminate\\Http\\Request), Object(Closure))
#25 C:\\xampp_7.4.2\\htdocs\\sithimy\\vendor\\mcamara\\laravel-localization\\src\\Mcamara\\LaravelLocalization\\Middleware\\LaravelLocalizationRoutes.php(30): Illuminate\\Pipeline\\Pipeline->Illuminate\\Pipeline\\{closure}(Object(Illuminate\\Http\\Request))
#26 C:\\xampp_7.4.2\\htdocs\\sithimy\\vendor\\laravel\\framework\\src\\Illuminate\\Pipeline\\Pipeline.php(167): Mcamara\\LaravelLocalization\\Middleware\\LaravelLocalizationRoutes->handle(Object(Illuminate\\Http\\Request), Object(Closure))
#27 C:\\xampp_7.4.2\\htdocs\\sithimy\\vendor\\laravel\\framework\\src\\Illuminate\\Pipeline\\Pipeline.php(103): Illuminate\\Pipeline\\Pipeline->Illuminate\\Pipeline\\{closure}(Object(Illuminate\\Http\\Request))
#28 C:\\xampp_7.4.2\\htdocs\\sithimy\\vendor\\laravel\\framework\\src\\Illuminate\\Routing\\Router.php(697): Illuminate\\Pipeline\\Pipeline->then(Object(Closure))
#29 C:\\xampp_7.4.2\\htdocs\\sithimy\\vendor\\laravel\\framework\\src\\Illuminate\\Routing\\Router.php(672): Illuminate\\Routing\\Router->runRouteWithinStack(Object(Illuminate\\Routing\\Route), Object(Illuminate\\Http\\Request))
#30 C:\\xampp_7.4.2\\htdocs\\sithimy\\vendor\\laravel\\framework\\src\\Illuminate\\Routing\\Router.php(636): Illuminate\\Routing\\Router->runRoute(Object(Illuminate\\Http\\Request), Object(Illuminate\\Routing\\Route))
#31 C:\\xampp_7.4.2\\htdocs\\sithimy\\vendor\\laravel\\framework\\src\\Illuminate\\Routing\\Router.php(625): Illuminate\\Routing\\Router->dispatchToRoute(Object(Illuminate\\Http\\Request))
#32 C:\\xampp_7.4.2\\htdocs\\sithimy\\vendor\\laravel\\framework\\src\\Illuminate\\Foundation\\Http\\Kernel.php(166): Illuminate\\Routing\\Router->dispatch(Object(Illuminate\\Http\\Request))
#33 C:\\xampp_7.4.2\\htdocs\\sithimy\\vendor\\laravel\\framework\\src\\Illuminate\\Pipeline\\Pipeline.php(128): Illuminate\\Foundation\\Http\\Kernel->Illuminate\\Foundation\\Http\\{closure}(Object(Illuminate\\Http\\Request))
#34 C:\\xampp_7.4.2\\htdocs\\sithimy\\vendor\\beyondcode\\laravel-query-detector\\src\\QueryDetectorMiddleware.php(27): Illuminate\\Pipeline\\Pipeline->Illuminate\\Pipeline\\{closure}(Object(Illuminate\\Http\\Request))
#35 C:\\xampp_7.4.2\\htdocs\\sithimy\\vendor\\laravel\\framework\\src\\Illuminate\\Pipeline\\Pipeline.php(167): BeyondCode\\QueryDetector\\QueryDetectorMiddleware->handle(Object(Illuminate\\Http\\Request), Object(Closure))
#36 C:\\xampp_7.4.2\\htdocs\\sithimy\\vendor\\barryvdh\\laravel-debugbar\\src\\Middleware\\InjectDebugbar.php(60): Illuminate\\Pipeline\\Pipeline->Illuminate\\Pipeline\\{closure}(Object(Illuminate\\Http\\Request))
#37 C:\\xampp_7.4.2\\htdocs\\sithimy\\vendor\\laravel\\framework\\src\\Illuminate\\Pipeline\\Pipeline.php(167): Barryvdh\\Debugbar\\Middleware\\InjectDebugbar->handle(Object(Illuminate\\Http\\Request), Object(Closure))
#38 C:\\xampp_7.4.2\\htdocs\\sithimy\\app\\Http\\Middleware\\RunUpdater.php(23): Illuminate\\Pipeline\\Pipeline->Illuminate\\Pipeline\\{closure}(Object(Illuminate\\Http\\Request))
#39 C:\\xampp_7.4.2\\htdocs\\sithimy\\vendor\\laravel\\framework\\src\\Illuminate\\Pipeline\\Pipeline.php(167): FleetCart\\Http\\Middleware\\RunUpdater->handle(Object(Illuminate\\Http\\Request), Object(Closure))
#40 C:\\xampp_7.4.2\\htdocs\\sithimy\\app\\Http\\Middleware\\RedirectToInstallerIfNotInstalled.php(22): Illuminate\\Pipeline\\Pipeline->Illuminate\\Pipeline\\{closure}(Object(Illuminate\\Http\\Request))
#41 C:\\xampp_7.4.2\\htdocs\\sithimy\\vendor\\laravel\\framework\\src\\Illuminate\\Pipeline\\Pipeline.php(167): FleetCart\\Http\\Middleware\\RedirectToInstallerIfNotInstalled->handle(Object(Illuminate\\Http\\Request), Object(Closure))
#42 C:\\xampp_7.4.2\\htdocs\\sithimy\\vendor\\fideloper\\proxy\\src\\TrustProxies.php(57): Illuminate\\Pipeline\\Pipeline->Illuminate\\Pipeline\\{closure}(Object(Illuminate\\Http\\Request))
#43 C:\\xampp_7.4.2\\htdocs\\sithimy\\vendor\\laravel\\framework\\src\\Illuminate\\Pipeline\\Pipeline.php(167): Fideloper\\Proxy\\TrustProxies->handle(Object(Illuminate\\Http\\Request), Object(Closure))
#44 C:\\xampp_7.4.2\\htdocs\\sithimy\\vendor\\laravel\\framework\\src\\Illuminate\\Foundation\\Http\\Middleware\\TransformsRequest.php(21): Illuminate\\Pipeline\\Pipeline->Illuminate\\Pipeline\\{closure}(Object(Illuminate\\Http\\Request))
#45 C:\\xampp_7.4.2\\htdocs\\sithimy\\vendor\\laravel\\framework\\src\\Illuminate\\Foundation\\Http\\Middleware\\ConvertEmptyStringsToNull.php(31): Illuminate\\Foundation\\Http\\Middleware\\TransformsRequest->handle(Object(Illuminate\\Http\\Request), Object(Closure))
#46 C:\\xampp_7.4.2\\htdocs\\sithimy\\vendor\\laravel\\framework\\src\\Illuminate\\Pipeline\\Pipeline.php(167): Illuminate\\Foundation\\Http\\Middleware\\ConvertEmptyStringsToNull->handle(Object(Illuminate\\Http\\Request), Object(Closure))
#47 C:\\xampp_7.4.2\\htdocs\\sithimy\\vendor\\laravel\\framework\\src\\Illuminate\\Foundation\\Http\\Middleware\\TransformsRequest.php(21): Illuminate\\Pipeline\\Pipeline->Illuminate\\Pipeline\\{closure}(Object(Illuminate\\Http\\Request))
#48 C:\\xampp_7.4.2\\htdocs\\sithimy\\vendor\\laravel\\framework\\src\\Illuminate\\Pipeline\\Pipeline.php(167): Illuminate\\Foundation\\Http\\Middleware\\TransformsRequest->handle(Object(Illuminate\\Http\\Request), Object(Closure))
#49 C:\\xampp_7.4.2\\htdocs\\sithimy\\vendor\\laravel\\framework\\src\\Illuminate\\Foundation\\Http\\Middleware\\TransformsRequest.php(21): Illuminate\\Pipeline\\Pipeline->Illuminate\\Pipeline\\{closure}(Object(Illuminate\\Http\\Request))
#50 C:\\xampp_7.4.2\\htdocs\\sithimy\\vendor\\laravel\\framework\\src\\Illuminate\\Foundation\\Http\\Middleware\\TrimStrings.php(40): Illuminate\\Foundation\\Http\\Middleware\\TransformsRequest->handle(Object(Illuminate\\Http\\Request), Object(Closure))
#51 C:\\xampp_7.4.2\\htdocs\\sithimy\\vendor\\laravel\\framework\\src\\Illuminate\\Pipeline\\Pipeline.php(167): Illuminate\\Foundation\\Http\\Middleware\\TrimStrings->handle(Object(Illuminate\\Http\\Request), Object(Closure))
#52 C:\\xampp_7.4.2\\htdocs\\sithimy\\vendor\\laravel\\framework\\src\\Illuminate\\Foundation\\Http\\Middleware\\ValidatePostSize.php(27): Illuminate\\Pipeline\\Pipeline->Illuminate\\Pipeline\\{closure}(Object(Illuminate\\Http\\Request))
#53 C:\\xampp_7.4.2\\htdocs\\sithimy\\vendor\\laravel\\framework\\src\\Illuminate\\Pipeline\\Pipeline.php(167): Illuminate\\Foundation\\Http\\Middleware\\ValidatePostSize->handle(Object(Illuminate\\Http\\Request), Object(Closure))
#54 C:\\xampp_7.4.2\\htdocs\\sithimy\\vendor\\laravel\\framework\\src\\Illuminate\\Foundation\\Http\\Middleware\\PreventRequestsDuringMaintenance.php(86): Illuminate\\Pipeline\\Pipeline->Illuminate\\Pipeline\\{closure}(Object(Illuminate\\Http\\Request))
#55 C:\\xampp_7.4.2\\htdocs\\sithimy\\app\\Http\\Middleware\\CheckForMaintenanceMode.php(39): Illuminate\\Foundation\\Http\\Middleware\\PreventRequestsDuringMaintenance->handle(Object(Illuminate\\Http\\Request), Object(Closure))
#56 C:\\xampp_7.4.2\\htdocs\\sithimy\\vendor\\laravel\\framework\\src\\Illuminate\\Pipeline\\Pipeline.php(167): FleetCart\\Http\\Middleware\\CheckForMaintenanceMode->handle(Object(Illuminate\\Http\\Request), Object(Closure))
#57 C:\\xampp_7.4.2\\htdocs\\sithimy\\vendor\\laravel\\framework\\src\\Illuminate\\Session\\Middleware\\StartSession.php(121): Illuminate\\Pipeline\\Pipeline->Illuminate\\Pipeline\\{closure}(Object(Illuminate\\Http\\Request))
#58 C:\\xampp_7.4.2\\htdocs\\sithimy\\vendor\\laravel\\framework\\src\\Illuminate\\Session\\Middleware\\StartSession.php(64): Illuminate\\Session\\Middleware\\StartSession->handleStatefulRequest(Object(Illuminate\\Http\\Request), Object(Illuminate\\Session\\Store), Object(Closure))
#59 C:\\xampp_7.4.2\\htdocs\\sithimy\\vendor\\laravel\\framework\\src\\Illuminate\\Pipeline\\Pipeline.php(167): Illuminate\\Session\\Middleware\\StartSession->handle(Object(Illuminate\\Http\\Request), Object(Closure))
#60 C:\\xampp_7.4.2\\htdocs\\sithimy\\vendor\\laravel\\framework\\src\\Illuminate\\Cookie\\Middleware\\EncryptCookies.php(67): Illuminate\\Pipeline\\Pipeline->Illuminate\\Pipeline\\{closure}(Object(Illuminate\\Http\\Request))
#61 C:\\xampp_7.4.2\\htdocs\\sithimy\\vendor\\laravel\\framework\\src\\Illuminate\\Pipeline\\Pipeline.php(167): Illuminate\\Cookie\\Middleware\\EncryptCookies->handle(Object(Illuminate\\Http\\Request), Object(Closure))
#62 C:\\xampp_7.4.2\\htdocs\\sithimy\\vendor\\laravel\\framework\\src\\Illuminate\\Pipeline\\Pipeline.php(103): Illuminate\\Pipeline\\Pipeline->Illuminate\\Pipeline\\{closure}(Object(Illuminate\\Http\\Request))
#63 C:\\xampp_7.4.2\\htdocs\\sithimy\\vendor\\laravel\\framework\\src\\Illuminate\\Foundation\\Http\\Kernel.php(141): Illuminate\\Pipeline\\Pipeline->then(Object(Closure))
#64 C:\\xampp_7.4.2\\htdocs\\sithimy\\vendor\\laravel\\framework\\src\\Illuminate\\Foundation\\Http\\Kernel.php(110): Illuminate\\Foundation\\Http\\Kernel->sendRequestThroughRouter(Object(Illuminate\\Http\\Request))
#65 C:\\xampp_7.4.2\\htdocs\\sithimy\\public\\index.php(70): Illuminate\\Foundation\\Http\\Kernel->handle(Object(Illuminate\\Http\\Request))
#66 {main}
"} 
